Hostname is : webonise-desktop
Version of Operating System : Linux 3.5.0-23-generic #35~precise1-Ubuntu SMP Fri Jan 25 17:13:26 UTC 2013 GNU/Linux
Home directory of User : webonise /home/webonise
Users that are logged in :
webonise
webonise
webonise
webonise belongs to :
webonise
adm
cdrom
sudo
dip
plugdev
lpadmin
sambashare
Files
:
/home/webonise:
autosave.xmi
Desktop
Documents
Downloads
examples.desktop
Music
Pictures
Public
TC
Templates
Videos
webonator
winetricks
/home/webonise/Desktop:
Sublime
Text
2
/home/webonise/Desktop/Sublime
Text
2:
Icon
lib
PackageSetup.py
PackageSetup.pyc
Pristine
Packages
sublime_plugin.py
sublime_plugin.pyc
sublime_text
/home/webonise/Desktop/Sublime
Text
2/Icon:
128x128
16x16
256x256
32x32
48x48
/home/webonise/Desktop/Sublime
Text
2/Icon/128x128:
sublime_text.png
/home/webonise/Desktop/Sublime
Text
2/Icon/16x16:
sublime_text.png
/home/webonise/Desktop/Sublime
Text
2/Icon/256x256:
sublime_text.png
/home/webonise/Desktop/Sublime
Text
2/Icon/32x32:
sublime_text.png
/home/webonise/Desktop/Sublime
Text
2/Icon/48x48:
sublime_text.png
/home/webonise/Desktop/Sublime
Text
2/lib:
python26.zip
/home/webonise/Desktop/Sublime
Text
2/Pristine
Packages:
ActionScript.sublime-package
AppleScript.sublime-package
ASP.sublime-package
Batch
File.sublime-package
Clojure.sublime-package
Color
Scheme
-
Default.sublime-package
CSS.sublime-package
C#.sublime-package
C++.sublime-package
Default.sublime-package
Diff.sublime-package
D.sublime-package
Erlang.sublime-package
Go.sublime-package
Graphviz.sublime-package
Groovy.sublime-package
Haskell.sublime-package
HTML.sublime-package
JavaScript.sublime-package
Java.sublime-package
Language
-
English.sublime-package
LaTeX.sublime-package
Lisp.sublime-package
Lua.sublime-package
Makefile.sublime-package
Markdown.sublime-package
Matlab.sublime-package
Objective-C.sublime-package
OCaml.sublime-package
Perl.sublime-package
PHP.sublime-package
Python.sublime-package
Rails.sublime-package
Regular
Expressions.sublime-package
RestructuredText.sublime-package
R.sublime-package
Ruby.sublime-package
Scala.sublime-package
ShellScript.sublime-package
SQL.sublime-package
TCL.sublime-package
Textile.sublime-package
Text.sublime-package
Theme
-
Default.sublime-package
User.sublime-package
Vintage.sublime-package
XML.sublime-package
YAML.sublime-package
/home/webonise/Documents:
Webonator_Assignment2.odt
/home/webonise/Downloads:
gcc-4.8.0.tar.gz
google-chrome-stable_current_amd64.deb
jre-7u60-linux-i586.tar.gz
netbeans-8.0-cpp-linux.sh
netbeans-8.0-linux.sh
setup
setup.zip
skype-ubuntu-precise_4.3.0.37-1_i386.deb
Sublime
Text
2
Sublime
Text
2.0.2
x64.tar.bz2
Visual_Paradigm_Linux_64bit_11_1_20140702
(1).sh
Visual_Paradigm_Linux_64bit_11_1_20140702.sh
Webonator-Programming-Language.zip
WEBONISE
JOINING
DOCKET.docx
WEBONISE
JOINING
DOCKET_New(2)
(1).docx
WEBONISE
JOINING
DOCKET_New(2)
(1).odt
WEBONISE
JOINING
DOCKET_New(2)
(1).pdf
WEBONISE
JOINING
DOCKET_New(2).docx
/home/webonise/Downloads/setup:
BGI.ZIP
BIN.ZIP
CLASSDBL.ZIP
CLASSDBS.ZIP
CLASSEXM.ZIP
CLASSINC.ZIP
CLASSLIB.ZIP
CLASSL.ZIP
CLASSSRC.ZIP
CLASSS.ZIP
CLIB.ZIP
CMDLINE.CA1
CMDLINE.CA2
DISK1.DSK
DISK2.DSK
DISK3.DSK
DOC.ZIP
EXAMPLES.ZIP
FILELIST.DOC
HELP.CA1
HELP.CA2
HELP.CA3
HLIB.ZIP
IDE.CA1
IDE.CA2
INCLUDE.ZIP
INSTALL.EXE
LLIB.ZIP
MLIB.ZIP
README
README.COM
SLIB.ZIP
TCALC.ZIP
UNZIP.EXE
XLIB.ZIP
/home/webonise/Downloads/Sublime
Text
2:
Icon
lib
PackageSetup.py
Pristine
Packages
sublime_plugin.py
sublime_plugin.pyc
sublime_text
/home/webonise/Downloads/Sublime
Text
2/Icon:
128x128
16x16
256x256
32x32
48x48
/home/webonise/Downloads/Sublime
Text
2/Icon/128x128:
sublime_text.png
/home/webonise/Downloads/Sublime
Text
2/Icon/16x16:
sublime_text.png
/home/webonise/Downloads/Sublime
Text
2/Icon/256x256:
sublime_text.png
/home/webonise/Downloads/Sublime
Text
2/Icon/32x32:
sublime_text.png
/home/webonise/Downloads/Sublime
Text
2/Icon/48x48:
sublime_text.png
/home/webonise/Downloads/Sublime
Text
2/lib:
python26.zip
/home/webonise/Downloads/Sublime
Text
2/Pristine
Packages:
ActionScript.sublime-package
AppleScript.sublime-package
ASP.sublime-package
Batch
File.sublime-package
Clojure.sublime-package
Color
Scheme
-
Default.sublime-package
CSS.sublime-package
C#.sublime-package
C++.sublime-package
Default.sublime-package
Diff.sublime-package
D.sublime-package
Erlang.sublime-package
Go.sublime-package
Graphviz.sublime-package
Groovy.sublime-package
Haskell.sublime-package
HTML.sublime-package
JavaScript.sublime-package
Java.sublime-package
Language
-
English.sublime-package
LaTeX.sublime-package
Lisp.sublime-package
Lua.sublime-package
Makefile.sublime-package
Markdown.sublime-package
Matlab.sublime-package
Objective-C.sublime-package
OCaml.sublime-package
Perl.sublime-package
PHP.sublime-package
Python.sublime-package
Rails.sublime-package
Regular
Expressions.sublime-package
RestructuredText.sublime-package
R.sublime-package
Ruby.sublime-package
Scala.sublime-package
ShellScript.sublime-package
SQL.sublime-package
TCL.sublime-package
Textile.sublime-package
Text.sublime-package
Theme
-
Default.sublime-package
User.sublime-package
Vintage.sublime-package
XML.sublime-package
YAML.sublime-package
/home/webonise/Music:
/home/webonise/Pictures:
/home/webonise/Public:
/home/webonise/TC:
BGI
BIN
CLASSLIB
DOC
EXAMPLES
FILELIST.DOC
INCLUDE
LIB
README
README.COM
/home/webonise/TC/BGI:
ATT.BGI
BGIDEMO.C
BGIOBJ.EXE
BOLD.CHR
CGA.BGI
EGAVGA.BGI
EURO.CHR
GOTH.CHR
HERC.BGI
IBM8514.BGI
LCOM.CHR
LITT.CHR
PC3270.BGI
SANS.CHR
SCRI.CHR
SIMP.CHR
TRIP.CHR
TSCR.CHR
/home/webonise/TC/BIN:
BUILTINS.MAK
CPP.EXE
DPMI16BI.OVL
DPMIINST.EXE
DPMILOAD.EXE
DPMIMEM.DLL
DPMIRES.EXE
EMSTEST.COM
GREP2MSG.EXE
GREP.COM
MAKE.EXE
MAKER.EXE
OBJXREF.COM
PRJ2MAK.EXE
PRJCFG.EXE
PRJCNVT.EXE
TASM2MSG.EXE
TC0000.SWP
TCC.EXE
TC.EXE
TCHELP.TCH
TC.PIF
TDUMP.EXE
TEMC.EXE
THELP.CFG
THELP.COM
TLIB.EXE
TLINK.EXE
TOUCH.COM
TRANCOPY.EXE
TRIGRAPH.EXE
TURBOC.CFG
UNZIP.EXE
/home/webonise/TC/CLASSLIB:
EXAMPLES
INCLUDE
LIB
OBJS
SOURCE
/home/webonise/TC/CLASSLIB/EXAMPLES:
DIRECTRY.CPP
DIRECTRY.H
DIRECTRY.PRJ
FILEDATA.CPP
FILEDATA.H
LOOKUP.CPP
LOOKUP.PRJ
QUEUETST.CPP
QUEUETST.PRJ
REVERSE.CPP
REVERSE.PRJ
STRNGMAX.CPP
STRNGMAX.PRJ
TESTDIR.CPP
/home/webonise/TC/CLASSLIB/INCLUDE:
ABSTARRY.H
ARRAY.H
ARRAYS.H
ASSOC.H
BAG.H
BAGS.H
BTREE.H
CHECKS.H
CLSDEFS.H
CLSTYPES.H
COLLECT.H
CONTAIN.H
DBLLIST.H
DEQUE.H
DEQUES.H
DICT.H
DLISTIMP.H
HASHTBL.H
LDATE.H
LIST.H
LISTIMP.H
LTIME.H
MEMMGR.H
OBJECT.H
PRIORTYQ.H
QUEUE.H
QUEUES.H
RESOURCE.H
SET.H
SETS.H
SHDDEL.H
SORTABLE.H
SORTARRY.H
STACK.H
STACKS.H
STDTEMPL.H
STRNG.H
TIMER.H
VECTIMP.H
/home/webonise/TC/CLASSLIB/LIB:
TCLASDBS.LIB
TCLASSS.LIB
/home/webonise/TC/CLASSLIB/OBJS:
DL
DS
L
S
/home/webonise/TC/CLASSLIB/OBJS/DL:
BIDSDBL.PRJ
TCLASDBL.PRJ
/home/webonise/TC/CLASSLIB/OBJS/DS:
BIDSDBS.PRJ
TCLASDBS.PRJ
/home/webonise/TC/CLASSLIB/OBJS/L:
BIDSL.PRJ
TCLASSL.PRJ
/home/webonise/TC/CLASSLIB/OBJS/S:
BIDSS.PRJ
TCLASSS.PRJ
/home/webonise/TC/CLASSLIB/SOURCE:
ABSTARRY.CPP
ARRAY.CPP
ASSOC.CPP
BABSTARY.CPP
BDICT.CPP
BSORTARY.CPP
BTREE.CPP
BTREEINN.CPP
BTREELFN.CPP
COLLECT.CPP
CONTAIN.CPP
DBLLIST.CPP
DEQUE.CPP
DICT.CPP
HASHTBL.CPP
LDATE.CPP
LIST.CPP
LTIME.CPP
MEMMGR.CPP
OBJECT.CPP
SORTARRY.CPP
STACK.CPP
STRNG.CPP
TIMER.CPP
TMPLINST.CPP
/home/webonise/TC/DOC:
ANSI.DOC
BASM.DOC
BRIEF.TEM
CLASSLIB.DOC
CMACROS.TEM
DEFAULTS.TEM
DOSEDIT.TEM
EPSILON.TEM
HELPME!.DOC
UTIL.DOC
/home/webonise/TC/EXAMPLES:
BARCHART.C
CIRCLE.CPP
CIRCLE.PRJ
CPASDEMO.C
CPASDEMO.PAS
CTOPAS.CFG
CTOPAS.PRJ
DCOPY.CPP
DEF2.CPP
DEF2.H
DEF.CPP
DEF.H
DICTION.CPP
DICTION.H
DYNPOINT.CPP
DYNPOINT.PRJ
EX1.CPP
EX2.CPP
EX3.CPP
EX4.CPP
EX5.CPP
EX5.PRJ
EX6.CPP
EX6.PRJ
EX7.CPP
EX7.PRJ
EX8.CPP
EX8.PRJ
EX9.CPP
EX9.PRJ
FIGDEMO.CPP
FIGDEMO.PRJ
FIGURES.CPP
FIGURES.H
FILTER.H
GAME.CPP
GETOPT.C
GREP2MSG.C
HELLO.C
INTRO10.CPP
INTRO11.CPP
INTRO12.CPP
INTRO13.CPP
INTRO14.CPP
INTRO15.CPP
INTRO16.CPP
INTRO17.CPP
INTRO18.CPP
INTRO19.CPP
INTRO1.CPP
INTRO20.CPP
INTRO21.CPP
INTRO22.CPP
INTRO23.CPP
INTRO24.CPP
INTRO25.CPP
INTRO26.CPP
INTRO27.CPP
INTRO28.CPP
INTRO29.CPP
INTRO2.CPP
INTRO30.CPP
INTRO31.CPP
INTRO32.CPP
INTRO33.CPP
INTRO34.CPP
INTRO35.CPP
INTRO36.CPP
INTRO3.CPP
INTRO4.CPP
INTRO5.CPP
INTRO6.CPP
INTRO7.CPP
INTRO8.CPP
INTRO9.CPP
LIST2.CPP
LIST2.H
LIST.CPP
LISTDEMO.CPP
LISTDEMO.PRJ
LIST.H
MATHERR.C
MCIRCLE.CPP
MCIRCLE.PRJ
PIXEL.CPP
PIXEL.PRJ
PLANETS.CPP
PLOTEMP1.C
PLOTEMP2.C
PLOTEMP3.C
PLOTEMP4.C
PLOTEMP5.C
PLOTEMP6.C
PLOTEMP.C
POINT2.CPP
POINT.CPP
POINT.H
SALESTAG.C
SOLAR.CPP
STACK2.CPP
STACK2.H
STACK.CPP
STACK.H
STRING.CPP
TASM2MSG.C
TCALC
VCIRC.CPP
VCIRC.PRJ
VPOINT.CPP
VPOINT.H
XSTRING.CPP
/home/webonise/TC/EXAMPLES/TCALC:
TCALC.C
TCALC.DOC
TCALC.H
TCALC.PRJ
TCDISPLY.C
TCINPUT.C
TCOMMAND.C
TCPARSER.C
TCUTIL.C
/home/webonise/TC/INCLUDE:
ALLOC.H
ASSERT.H
BCD.H
BIOS.H
COMPLEX.H
CONIO.H
CONSTREA.H
CTYPE.H
_DEFS.H
DIRECT.H
DIRENT.H
DIR.H
DOS.H
ERRNO.H
FCNTL.H
FLOAT.H
FSTREAM.H
GENERIC.H
GRAPHICS.H
IO.H
IOMANIP.H
IOSTREAM.H
LIMITS.H
LOCALE.H
LOCKING.H
MALLOC.H
MATH.H
MEM.H
MEMORY.H
NEW.H
_NULL.H
PROCESS.H
SEARCH.H
SETJMP.H
SHARE.H
SIGNAL.H
STDARG.H
STDDEF.H
STDIO.H
STDIOSTR.H
STDLIB.H
STRING.H
STRSTREA.H
SYS
TIME.H
UTIME.H
VALUES.H
VARARGS.H
/home/webonise/TC/INCLUDE/SYS:
STAT.H
TIMEB.H
TYPES.H
/home/webonise/TC/LIB:
C0C.OBJ
C0FC.OBJ
C0FH.OBJ
C0FL.OBJ
C0FM.OBJ
C0FS.OBJ
C0FT.OBJ
C0H.OBJ
C0L.OBJ
C0M.OBJ
C0S.OBJ
C0T.OBJ
CC.LIB
CH.LIB
CL.LIB
CM.LIB
CS.LIB
EMU.LIB
FP87.LIB
GRAPHICS.LIB
MATHC.LIB
MATHH.LIB
MATHL.LIB
MATHM.LIB
MATHS.LIB
OVERLAY.LIB
WILDARGS.OBJ
/home/webonise/Templates:
/home/webonise/Videos:
/home/webonise/webonator:
assignment1
assignment2
assignment3
assignment4
assignment5
assignment6
/home/webonise/webonator/assignment1:
a.out
assginment1.cpp
assginment1.cpp~
parser_ruby.py
Webonator-Programming-Language
/home/webonise/webonator/assignment1/Webonator-Programming-Language:
binding.rb
binding.rb~
class.smtp.php
College.java
myClass.php
Student.java
/home/webonise/webonator/assignment2:
chatappuml
(1).jpg
chatappuml.jpg
Webonator_Assignment2.pdf
/home/webonise/webonator/assignment3:
antfarm.jpg
VirtualUniversity.docx
virtualuniversity.jpg
VirtualUniversity.odt
/home/webonise/webonator/assignment4:
RelationalDatabase
RelationalDatabase~
RelationalDatabase.docx
RelationalDatabase.docx~
/home/webonise/webonator/assignment5:
Untitled
Document
/home/webonise/webonator/assignment6:
assignment
assignment.log
script1.sh
/home/webonise/webonator/assignment6/assignment:
assignment.log
mob.jpg
public_html
script2.sh
test.txt
xperience.pdf
xperience.txt
xpert.db
xpert.txt
/home/webonise/webonator/assignment6/assignment/public_html:
assignment.log
demo.txt
fake.csv
fake.txt
readme.txt
Date and Time is:
Fri Jul 11 00:51:33 IST 2014
newtest.txt
newxperience.pdf
newxperience.txt
newxpert.db
newxpert.txt
Fri Jul 11 19:48:28 IST 2014
